mode: set
github.com/gitrgoliveira/muster/internal/api/middleware/bodylimit.go:18.48,21.71 2 1
github.com/gitrgoliveira/muster/internal/api/middleware/bodylimit.go:21.71,22.66 1 1
github.com/gitrgoliveira/muster/internal/api/middleware/bodylimit.go:22.66,25.4 2 1
github.com/gitrgoliveira/muster/internal/api/middleware/bodylimit.go:28.3,32.17 4 1
github.com/gitrgoliveira/muster/internal/api/middleware/bodylimit.go:32.17,35.4 2 0
github.com/gitrgoliveira/muster/internal/api/middleware/bodylimit.go:39.3,39.16 1 1
github.com/gitrgoliveira/muster/internal/api/middleware/bodylimit.go:39.16,42.4 2 1
github.com/gitrgoliveira/muster/internal/api/middleware/bodylimit.go:44.3,45.23 2 1
github.com/gitrgoliveira/muster/internal/api/middleware/recovery.go:13.47,14.71 1 1
github.com/gitrgoliveira/muster/internal/api/middleware/recovery.go:14.71,15.16 1 1
github.com/gitrgoliveira/muster/internal/api/middleware/recovery.go:15.16,16.36 1 1
github.com/gitrgoliveira/muster/internal/api/middleware/recovery.go:16.36,22.5 2 1
github.com/gitrgoliveira/muster/internal/api/middleware/recovery.go:24.3,24.23 1 1
github.com/gitrgoliveira/muster/internal/api/middleware/requestid.go:18.48,19.71 1 1
github.com/gitrgoliveira/muster/internal/api/middleware/requestid.go:19.71,21.15 2 1
github.com/gitrgoliveira/muster/internal/api/middleware/requestid.go:21.15,23.4 1 1
github.com/gitrgoliveira/muster/internal/api/middleware/requestid.go:25.3,28.40 3 1
github.com/gitrgoliveira/muster/internal/api/render/errors.go:39.67,41.2 1 1
github.com/gitrgoliveira/muster/internal/api/render/errors.go:45.47,46.52 1 1
github.com/gitrgoliveira/muster/internal/api/render/errors.go:46.52,48.3 1 1
github.com/gitrgoliveira/muster/internal/api/render/errors.go:49.2,49.11 1 1
github.com/gitrgoliveira/muster/internal/api/render/errors.go:54.41,55.14 1 1
github.com/gitrgoliveira/muster/internal/api/render/errors.go:56.38,57.29 1 1
github.com/gitrgoliveira/muster/internal/api/render/errors.go:58.44,59.31 1 1
github.com/gitrgoliveira/muster/internal/api/render/errors.go:60.28,61.37 1 1
github.com/gitrgoliveira/muster/internal/api/render/errors.go:62.10,63.40 1 1
github.com/gitrgoliveira/muster/internal/api/render/errors.go:69.95,70.21 1 1
github.com/gitrgoliveira/muster/internal/api/render/errors.go:70.21,72.3 1 1
github.com/gitrgoliveira/muster/internal/api/render/errors.go:73.2,82.37 4 1
github.com/gitrgoliveira/muster/internal/api/render/json.go:11.66,15.2 3 1
github.com/gitrgoliveira/muster/internal/api/stream/handler.go:11.50,12.54 1 1
github.com/gitrgoliveira/muster/internal/api/stream/handler.go:12.54,14.3 1 1
github.com/gitrgoliveira/muster/internal/core/enums.go:13.32,14.11 1 1
github.com/gitrgoliveira/muster/internal/core/enums.go:15.59,16.14 1 1
github.com/gitrgoliveira/muster/internal/core/enums.go:18.2,18.14 1 1
github.com/gitrgoliveira/muster/internal/core/enums.go:31.30,32.11 1 1
github.com/gitrgoliveira/muster/internal/core/enums.go:33.64,34.14 1 1
github.com/gitrgoliveira/muster/internal/core/enums.go:36.2,36.14 1 1
github.com/gitrgoliveira/muster/internal/core/enums.go:48.34,49.11 1 1
github.com/gitrgoliveira/muster/internal/core/enums.go:50.53,51.14 1 1
github.com/gitrgoliveira/muster/internal/core/enums.go:53.2,53.14 1 1
github.com/gitrgoliveira/muster/internal/core/enums.go:65.31,66.11 1 1
github.com/gitrgoliveira/muster/internal/core/enums.go:67.59,68.14 1 1
github.com/gitrgoliveira/muster/internal/core/enums.go:70.2,70.14 1 1
github.com/gitrgoliveira/muster/internal/core/enums.go:84.28,85.11 1 1
github.com/gitrgoliveira/muster/internal/core/enums.go:86.71,87.14 1 1
github.com/gitrgoliveira/muster/internal/core/enums.go:89.2,89.14 1 1
github.com/gitrgoliveira/muster/internal/core/enums.go:99.27,101.2 1 1
github.com/gitrgoliveira/muster/internal/core/enums.go:105.32,105.59 1 1
github.com/gitrgoliveira/muster/internal/core/enums.go:137.33,138.11 1 1
github.com/gitrgoliveira/muster/internal/core/enums.go:141.50,142.14 1 1
github.com/gitrgoliveira/muster/internal/core/enums.go:144.2,144.14 1 1
github.com/gitrgoliveira/muster/internal/core/enums.go:155.38,156.11 1 1
github.com/gitrgoliveira/muster/internal/core/enums.go:157.38,158.14 1 1
github.com/gitrgoliveira/muster/internal/core/enums.go:160.2,160.14 1 1
github.com/gitrgoliveira/muster/internal/core/enums.go:172.31,173.11 1 1
github.com/gitrgoliveira/muster/internal/core/enums.go:174.49,175.14 1 1
github.com/gitrgoliveira/muster/internal/core/enums.go:177.2,177.14 1 1
github.com/gitrgoliveira/muster/internal/core/enums.go:188.34,189.11 1 1
github.com/gitrgoliveira/muster/internal/core/enums.go:190.44,191.14 1 1
github.com/gitrgoliveira/muster/internal/core/enums.go:193.2,193.14 1 1
github.com/gitrgoliveira/muster/internal/core/id.go:11.25,13.2 1 1
github.com/gitrgoliveira/muster/internal/core/validate.go:18.48,19.9 1 1
github.com/gitrgoliveira/muster/internal/core/validate.go:20.31,21.14 1 1
github.com/gitrgoliveira/muster/internal/core/validate.go:22.31,23.14 1 1
github.com/gitrgoliveira/muster/internal/core/validate.go:24.30,25.14 1 1
github.com/gitrgoliveira/muster/internal/core/validate.go:26.10,27.15 1 1
github.com/gitrgoliveira/muster/internal/core/validate.go:33.43,34.26 1 1
github.com/gitrgoliveira/muster/internal/core/validate.go:34.26,35.29 1 1
github.com/gitrgoliveira/muster/internal/core/validate.go:35.29,37.4 1 1
github.com/gitrgoliveira/muster/internal/core/validate.go:39.2,39.39 1 1
github.com/gitrgoliveira/muster/internal/core/validate.go:39.39,40.34 1 1
github.com/gitrgoliveira/muster/internal/core/validate.go:40.34,42.4 1 1
github.com/gitrgoliveira/muster/internal/core/validate.go:44.2,44.11 1 1
github.com/gitrgoliveira/muster/internal/core/validate.go:48.73,50.28 2 1
github.com/gitrgoliveira/muster/internal/core/validate.go:50.28,51.26 1 1
github.com/gitrgoliveira/muster/internal/core/validate.go:51.26,53.4 1 1
github.com/gitrgoliveira/muster/internal/core/validate.go:55.2,55.21 1 1
github.com/gitrgoliveira/muster/internal/core/validate.go:55.21,57.3 1 1
github.com/gitrgoliveira/muster/internal/core/validate.go:58.2,58.10 1 1
github.com/gitrgoliveira/muster/internal/api/beads/handlers.go:25.55,27.2 1 1
github.com/gitrgoliveira/muster/internal/api/beads/handlers.go:31.78,32.16 1 1
github.com/gitrgoliveira/muster/internal/api/beads/handlers.go:32.16,34.3 1 1
github.com/gitrgoliveira/muster/internal/api/beads/handlers.go:35.2,36.9 2 1
github.com/gitrgoliveira/muster/internal/api/beads/handlers.go:36.9,39.3 2 0
github.com/gitrgoliveira/muster/internal/api/beads/handlers.go:40.2,40.17 1 1
github.com/gitrgoliveira/muster/internal/api/beads/handlers.go:41.29,42.84 1 1
github.com/gitrgoliveira/muster/internal/api/beads/handlers.go:43.35,44.88 1 1
github.com/gitrgoliveira/muster/internal/api/beads/handlers.go:45.33,46.86 1 0
github.com/gitrgoliveira/muster/internal/api/beads/handlers.go:47.31,48.88 1 1
github.com/gitrgoliveira/muster/internal/api/beads/handlers.go:49.34,50.97 1 0
github.com/gitrgoliveira/muster/internal/api/beads/handlers.go:51.35,52.90 1 0
github.com/gitrgoliveira/muster/internal/api/beads/handlers.go:53.31,54.86 1 0
github.com/gitrgoliveira/muster/internal/api/beads/handlers.go:55.29,56.91 1 0
github.com/gitrgoliveira/muster/internal/api/beads/handlers.go:57.10,58.91 1 0
github.com/gitrgoliveira/muster/internal/api/beads/handlers.go:60.2,60.13 1 1
github.com/gitrgoliveira/muster/internal/api/beads/handlers.go:64.73,65.32 1 1
github.com/gitrgoliveira/muster/internal/api/beads/handlers.go:65.32,68.3 2 1
github.com/gitrgoliveira/muster/internal/api/beads/handlers.go:69.2,69.13 1 1
github.com/gitrgoliveira/muster/internal/api/beads/handlers.go:74.77,77.38 3 1
github.com/gitrgoliveira/muster/internal/api/beads/handlers.go:77.38,79.45 2 1
github.com/gitrgoliveira/muster/internal/api/beads/handlers.go:79.45,81.51 2 1
github.com/gitrgoliveira/muster/internal/api/beads/handlers.go:81.51,83.50 2 1
github.com/gitrgoliveira/muster/internal/api/beads/handlers.go:83.50,86.6 2 1
github.com/gitrgoliveira/muster/internal/api/beads/handlers.go:89.3,90.15 2 1
github.com/gitrgoliveira/muster/internal/api/beads/handlers.go:92.2,92.13 1 1
github.com/gitrgoliveira/muster/internal/api/beads/handlers.go:96.65,98.50 2 1
github.com/gitrgoliveira/muster/internal/api/beads/handlers.go:98.50,101.3 2 1
github.com/gitrgoliveira/muster/internal/api/beads/handlers.go:103.2,104.32 2 1
github.com/gitrgoliveira/muster/internal/api/beads/handlers.go:104.32,106.3 1 0
github.com/gitrgoliveira/muster/internal/api/beads/handlers.go:108.2,112.4 1 1
github.com/gitrgoliveira/muster/internal/api/beads/handlers.go:116.64,118.27 2 1
github.com/gitrgoliveira/muster/internal/api/beads/handlers.go:118.27,120.3 1 1
github.com/gitrgoliveira/muster/internal/api/beads/handlers.go:122.2,123.32 2 1
github.com/gitrgoliveira/muster/internal/api/beads/handlers.go:123.32,125.3 1 1
github.com/gitrgoliveira/muster/internal/api/beads/handlers.go:127.2,127.42 1 1
github.com/gitrgoliveira/muster/internal/api/beads/handlers.go:131.67,133.29 2 1
github.com/gitrgoliveira/muster/internal/api/beads/handlers.go:133.29,135.3 1 1
github.com/gitrgoliveira/muster/internal/api/beads/handlers.go:137.2,138.25 2 1
github.com/gitrgoliveira/muster/internal/api/beads/handlers.go:138.25,140.3 1 0
github.com/gitrgoliveira/muster/internal/api/beads/handlers.go:142.2,154.32 3 1
github.com/gitrgoliveira/muster/internal/api/beads/handlers.go:154.32,156.3 1 1
github.com/gitrgoliveira/muster/internal/api/beads/handlers.go:158.2,159.47 2 0
github.com/gitrgoliveira/muster/internal/api/beads/handlers.go:163.66,165.27 2 1
github.com/gitrgoliveira/muster/internal/api/beads/handlers.go:165.27,167.3 1 0
github.com/gitrgoliveira/muster/internal/api/beads/handlers.go:169.2,170.29 2 1
github.com/gitrgoliveira/muster/internal/api/beads/handlers.go:170.29,172.3 1 1
github.com/gitrgoliveira/muster/internal/api/beads/handlers.go:174.2,186.32 3 1
github.com/gitrgoliveira/muster/internal/api/beads/handlers.go:186.32,188.3 1 1
github.com/gitrgoliveira/muster/internal/api/beads/handlers.go:190.2,190.42 1 0
github.com/gitrgoliveira/muster/internal/api/beads/handlers.go:194.65,196.27 2 1
github.com/gitrgoliveira/muster/internal/api/beads/handlers.go:196.27,198.3 1 0
github.com/gitrgoliveira/muster/internal/api/beads/handlers.go:200.2,201.29 2 1
github.com/gitrgoliveira/muster/internal/api/beads/handlers.go:201.29,203.3 1 0
github.com/gitrgoliveira/muster/internal/api/beads/handlers.go:205.2,211.32 3 1
github.com/gitrgoliveira/muster/internal/api/beads/handlers.go:211.32,213.3 1 1
github.com/gitrgoliveira/muster/internal/api/beads/handlers.go:215.2,215.42 1 0
github.com/gitrgoliveira/muster/internal/api/beads/handlers.go:219.69,221.27 2 1
github.com/gitrgoliveira/muster/internal/api/beads/handlers.go:221.27,223.3 1 0
github.com/gitrgoliveira/muster/internal/api/beads/handlers.go:225.2,226.29 2 1
github.com/gitrgoliveira/muster/internal/api/beads/handlers.go:226.29,228.3 1 0
github.com/gitrgoliveira/muster/internal/api/beads/handlers.go:230.2,236.32 3 1
github.com/gitrgoliveira/muster/internal/api/beads/handlers.go:236.32,238.3 1 1
github.com/gitrgoliveira/muster/internal/api/beads/handlers.go:240.2,240.42 1 0
github.com/gitrgoliveira/muster/internal/api/beads/handlers.go:244.68,246.27 2 1
github.com/gitrgoliveira/muster/internal/api/beads/handlers.go:246.27,248.3 1 0
github.com/gitrgoliveira/muster/internal/api/beads/handlers.go:250.2,251.29 2 1
github.com/gitrgoliveira/muster/internal/api/beads/handlers.go:251.29,253.3 1 0
github.com/gitrgoliveira/muster/internal/api/beads/handlers.go:255.2,261.32 3 1
github.com/gitrgoliveira/muster/internal/api/beads/handlers.go:261.32,263.3 1 1
github.com/gitrgoliveira/muster/internal/api/beads/handlers.go:265.2,265.47 1 0
github.com/gitrgoliveira/muster/internal/api/health/handler.go:31.61,33.2 1 1
github.com/gitrgoliveira/muster/internal/api/health/handler.go:37.67,38.54 1 1
github.com/gitrgoliveira/muster/internal/api/health/handler.go:38.54,40.24 2 1
github.com/gitrgoliveira/muster/internal/api/health/handler.go:40.24,42.4 1 1
github.com/gitrgoliveira/muster/internal/api/health/handler.go:44.3,45.25 2 1
github.com/gitrgoliveira/muster/internal/api/health/handler.go:45.25,47.4 1 0
github.com/gitrgoliveira/muster/internal/api/health/handler.go:49.3,62.43 2 1
github.com/gitrgoliveira/muster/internal/api/router.go:28.16,37.60 5 1
github.com/gitrgoliveira/muster/internal/api/router.go:37.60,39.3 1 1
github.com/gitrgoliveira/muster/internal/api/router.go:40.2,40.68 1 1
github.com/gitrgoliveira/muster/internal/api/router.go:40.68,42.3 1 1
github.com/gitrgoliveira/muster/internal/api/router.go:45.2,63.16 13 1
github.com/gitrgoliveira/muster/internal/api/router.go:63.16,65.3 1 0
github.com/gitrgoliveira/muster/internal/api/router.go:66.2,69.73 2 1
github.com/gitrgoliveira/muster/internal/api/router.go:69.73,70.47 1 1
github.com/gitrgoliveira/muster/internal/api/router.go:70.47,73.4 2 1
github.com/gitrgoliveira/muster/internal/api/router.go:74.3,74.24 1 1
github.com/gitrgoliveira/muster/internal/api/router.go:79.92,80.46 1 1
github.com/gitrgoliveira/muster/internal/api/router.go:80.46,81.72 1 1
github.com/gitrgoliveira/muster/internal/api/router.go:81.72,82.22 1 1
github.com/gitrgoliveira/muster/internal/api/router.go:82.22,84.5 1 0
github.com/gitrgoliveira/muster/internal/api/router.go:85.4,85.26 1 1
github.com/gitrgoliveira/muster/internal/api/router.go:85.26,87.5 1 0
github.com/gitrgoliveira/muster/internal/api/router.go:88.4,88.24 1 1
github.com/gitrgoliveira/muster/internal/api/router.go:95.42,98.71 2 1
github.com/gitrgoliveira/muster/internal/api/router.go:98.71,100.32 2 1
github.com/gitrgoliveira/muster/internal/api/router.go:100.32,102.4 1 1
github.com/gitrgoliveira/muster/internal/api/router.go:102.9,102.42 1 0
github.com/gitrgoliveira/muster/internal/api/router.go:102.42,104.4 1 0
github.com/gitrgoliveira/muster/internal/api/router.go:106.3,107.17 2 1
github.com/gitrgoliveira/muster/internal/api/router.go:107.17,112.4 4 0
github.com/gitrgoliveira/muster/internal/api/router.go:113.3,115.29 2 1
github.com/gitrgoliveira/muster/cmd/muster/main.go:26.13,27.47 1 0
github.com/gitrgoliveira/muster/cmd/muster/main.go:27.47,30.3 2 0
github.com/gitrgoliveira/muster/cmd/muster/main.go:32.2,39.55 6 0
github.com/gitrgoliveira/muster/cmd/muster/main.go:39.55,42.3 2 0
github.com/gitrgoliveira/muster/cmd/muster/main.go:45.2,46.16 2 0
github.com/gitrgoliveira/muster/cmd/muster/main.go:46.16,49.3 2 0
github.com/gitrgoliveira/muster/cmd/muster/main.go:52.2,53.16 2 0
github.com/gitrgoliveira/muster/cmd/muster/main.go:53.16,56.3 2 0
github.com/gitrgoliveira/muster/cmd/muster/main.go:59.2,60.17 2 0
github.com/gitrgoliveira/muster/cmd/muster/main.go:60.17,62.3 1 0
github.com/gitrgoliveira/muster/cmd/muster/main.go:63.2,72.21 6 0
github.com/gitrgoliveira/muster/cmd/muster/main.go:72.21,75.20 3 0
github.com/gitrgoliveira/muster/cmd/muster/main.go:75.20,78.4 2 0
github.com/gitrgoliveira/muster/cmd/muster/main.go:82.2,83.18 2 0
github.com/gitrgoliveira/muster/cmd/muster/main.go:84.18,86.18 2 0
github.com/gitrgoliveira/muster/cmd/muster/main.go:86.18,89.4 2 0
github.com/gitrgoliveira/muster/cmd/muster/main.go:90.3,90.14 1 0
github.com/gitrgoliveira/muster/cmd/muster/main.go:91.16,93.17 1 0
github.com/gitrgoliveira/muster/cmd/muster/main.go:93.17,95.50 2 0
github.com/gitrgoliveira/muster/cmd/muster/main.go:95.50,97.5 1 0
github.com/gitrgoliveira/muster/cmd/muster/main.go:98.4,98.17 1 0
github.com/gitrgoliveira/muster/cmd/muster/main.go:100.3,104.18 5 0
github.com/gitrgoliveira/muster/cmd/muster/main.go:104.18,107.4 2 0
github.com/gitrgoliveira/muster/cmd/muster/main.go:108.3,108.14 1 0
github.com/gitrgoliveira/muster/cmd/muster/main.go:109.10,111.13 2 0
github.com/gitrgoliveira/muster/cmd/muster/main.go:114.2,115.16 2 0
github.com/gitrgoliveira/muster/cmd/muster/main.go:115.16,117.3 1 0
github.com/gitrgoliveira/muster/cmd/muster/main.go:118.2,122.16 3 0
github.com/gitrgoliveira/muster/cmd/muster/main.go:122.16,124.3 1 0
github.com/gitrgoliveira/muster/cmd/muster/main.go:125.2,139.28 12 0
github.com/gitrgoliveira/muster/cmd/muster/main.go:139.28,142.13 3 0
github.com/gitrgoliveira/muster/cmd/muster/main.go:142.13,143.64 1 0
github.com/gitrgoliveira/muster/cmd/muster/main.go:143.64,145.5 1 0
github.com/gitrgoliveira/muster/cmd/muster/main.go:149.3,149.13 1 0
github.com/gitrgoliveira/muster/cmd/muster/main.go:149.13,150.8 1 0
github.com/gitrgoliveira/muster/cmd/muster/main.go:150.8,151.12 1 0
github.com/gitrgoliveira/muster/cmd/muster/main.go:152.29,153.39 1 0
github.com/gitrgoliveira/muster/cmd/muster/main.go:153.39,155.7 1 0
github.com/gitrgoliveira/muster/cmd/muster/main.go:156.6,156.39 1 0
github.com/gitrgoliveira/muster/cmd/muster/main.go:156.39,158.7 1 0
github.com/gitrgoliveira/muster/cmd/muster/main.go:159.6,159.39 1 0
github.com/gitrgoliveira/muster/cmd/muster/main.go:159.39,161.7 1 0
github.com/gitrgoliveira/muster/cmd/muster/main.go:162.23,163.12 1 0
github.com/gitrgoliveira/muster/cmd/muster/main.go:169.2,189.12 4 0
github.com/gitrgoliveira/muster/cmd/muster/main.go:189.12,190.77 1 0
github.com/gitrgoliveira/muster/cmd/muster/main.go:190.77,193.4 2 0
github.com/gitrgoliveira/muster/cmd/muster/main.go:196.2,201.47 5 0
github.com/gitrgoliveira/muster/cmd/muster/main.go:201.47,204.3 2 0
github.com/gitrgoliveira/muster/cmd/muster/main.go:206.2,206.17 1 0
github.com/gitrgoliveira/muster/internal/store/memstore.go:17.53,21.2 3 0
github.com/gitrgoliveira/muster/internal/store/memstore.go:24.76,29.31 4 0
github.com/gitrgoliveira/muster/internal/store/memstore.go:29.31,30.29 1 0
github.com/gitrgoliveira/muster/internal/store/memstore.go:30.29,31.12 1 0
github.com/gitrgoliveira/muster/internal/store/memstore.go:33.3,33.66 1 0
github.com/gitrgoliveira/muster/internal/store/memstore.go:33.66,35.4 1 0
github.com/gitrgoliveira/muster/internal/store/memstore.go:36.3,37.44 2 0
github.com/gitrgoliveira/muster/internal/store/memstore.go:37.44,38.9 1 0
github.com/gitrgoliveira/muster/internal/store/memstore.go:41.2,41.20 1 0
github.com/gitrgoliveira/muster/internal/store/memstore.go:45.75,49.26 3 0
github.com/gitrgoliveira/muster/internal/store/memstore.go:49.26,50.27 1 0
github.com/gitrgoliveira/muster/internal/store/memstore.go:50.27,53.4 2 0
github.com/gitrgoliveira/muster/internal/store/memstore.go:55.2,55.25 1 0
github.com/gitrgoliveira/muster/internal/store/memstore.go:59.55,59.69 1 0
github.com/gitrgoliveira/muster/internal/store/memstore.go:62.39,62.53 1 0
github.com/gitrgoliveira/muster/internal/store/memstore.go:64.46,65.23 1 0
github.com/gitrgoliveira/muster/internal/store/memstore.go:65.23,67.30 2 0
github.com/gitrgoliveira/muster/internal/store/memstore.go:67.30,68.40 1 0
github.com/gitrgoliveira/muster/internal/store/memstore.go:68.40,70.10 2 0
github.com/gitrgoliveira/muster/internal/store/memstore.go:73.3,73.13 1 0
github.com/gitrgoliveira/muster/internal/store/memstore.go:73.13,75.4 1 0
github.com/gitrgoliveira/muster/internal/store/memstore.go:77.2,77.20 1 0
github.com/gitrgoliveira/muster/internal/store/memstore.go:77.20,79.28 2 0
github.com/gitrgoliveira/muster/internal/store/memstore.go:79.28,80.20 1 0
github.com/gitrgoliveira/muster/internal/store/memstore.go:80.20,82.10 2 0
github.com/gitrgoliveira/muster/internal/store/memstore.go:85.3,85.13 1 0
github.com/gitrgoliveira/muster/internal/store/memstore.go:85.13,87.4 1 0
github.com/gitrgoliveira/muster/internal/store/memstore.go:89.2,89.13 1 0
github.com/gitrgoliveira/muster/internal/store/seed.go:11.27,64.2 4 0
github.com/gitrgoliveira/muster/internal/store/seed.go:67.30,85.23 2 1
github.com/gitrgoliveira/muster/internal/store/seed.go:85.23,90.3 4 1
github.com/gitrgoliveira/muster/internal/store/seed.go:91.2,91.14 1 1
github.com/gitrgoliveira/muster/internal/store/seed.go:94.25,171.2 2 1
github.com/gitrgoliveira/muster/internal/store/seed.go:173.25,233.2 2 1
github.com/gitrgoliveira/muster/internal/store/seed.go:235.25,283.2 2 1
github.com/gitrgoliveira/muster/internal/store/seed.go:285.25,324.2 2 1
github.com/gitrgoliveira/muster/internal/store/seed.go:326.25,372.2 2 1
github.com/gitrgoliveira/muster/internal/store/seed.go:374.25,427.2 3 1
github.com/gitrgoliveira/muster/internal/store/seed.go:429.25,470.2 3 1
github.com/gitrgoliveira/muster/internal/store/seed.go:472.25,509.2 2 1
github.com/gitrgoliveira/muster/internal/store/seed.go:511.25,548.2 2 1
github.com/gitrgoliveira/muster/internal/store/seed.go:550.25,586.2 2 1
github.com/gitrgoliveira/muster/internal/store/seed.go:588.25,625.2 2 1
github.com/gitrgoliveira/muster/internal/store/seed.go:627.25,670.2 2 1
github.com/gitrgoliveira/muster/internal/store/seed.go:672.25,714.2 2 1
github.com/gitrgoliveira/muster/internal/store/seed.go:716.25,759.2 2 1
github.com/gitrgoliveira/muster/internal/store/seed.go:762.38,801.2 1 1
github.com/gitrgoliveira/muster/internal/store/seed.go:804.37,811.2 1 1
github.com/gitrgoliveira/muster/internal/store/seed.go:814.33,826.2 1 1
github.com/gitrgoliveira/muster/internal/store/watcher.go:38.81,46.2 1 1
github.com/gitrgoliveira/muster/internal/store/watcher.go:51.50,56.42 3 1
github.com/gitrgoliveira/muster/internal/store/watcher.go:56.42,58.17 1 0
github.com/gitrgoliveira/muster/internal/store/watcher.go:58.17,60.4 1 0
github.com/gitrgoliveira/muster/internal/store/watcher.go:61.3,61.27 1 0
github.com/gitrgoliveira/muster/internal/store/watcher.go:63.2,72.6 7 1
github.com/gitrgoliveira/muster/internal/store/watcher.go:72.6,73.10 1 1
github.com/gitrgoliveira/muster/internal/store/watcher.go:74.21,75.28 1 1
github.com/gitrgoliveira/muster/internal/store/watcher.go:75.28,77.5 1 1
github.com/gitrgoliveira/muster/internal/store/watcher.go:78.4,78.20 1 1
github.com/gitrgoliveira/muster/internal/store/watcher.go:80.31,81.11 1 1
github.com/gitrgoliveira/muster/internal/store/watcher.go:81.11,83.5 1 0
github.com/gitrgoliveira/muster/internal/store/watcher.go:84.4,84.84 1 1
github.com/gitrgoliveira/muster/internal/store/watcher.go:84.84,86.32 1 1
github.com/gitrgoliveira/muster/internal/store/watcher.go:86.32,88.6 1 0
github.com/gitrgoliveira/muster/internal/store/watcher.go:89.5,90.29 2 1
github.com/gitrgoliveira/muster/internal/store/watcher.go:90.29,92.6 1 0
github.com/gitrgoliveira/muster/internal/store/watcher.go:93.5,94.30 2 1
github.com/gitrgoliveira/muster/internal/store/watcher.go:97.21,97.21 0 0
github.com/gitrgoliveira/muster/internal/store/watcher.go:100.18,102.27 2 1
github.com/gitrgoliveira/muster/internal/store/watcher.go:104.21,105.27 1 0
github.com/gitrgoliveira/muster/internal/store/watcher.go:111.57,114.6 3 0
github.com/gitrgoliveira/muster/internal/store/watcher.go:114.6,115.10 1 0
github.com/gitrgoliveira/muster/internal/store/watcher.go:116.21,117.20 1 0
github.com/gitrgoliveira/muster/internal/store/watcher.go:118.17,119.27 1 0
github.com/gitrgoliveira/muster/internal/store/watcher.go:125.56,127.16 2 1
github.com/gitrgoliveira/muster/internal/store/watcher.go:127.16,129.3 1 0
github.com/gitrgoliveira/muster/internal/store/watcher.go:130.2,131.29 2 1
github.com/gitrgoliveira/muster/internal/store/watcher.go:131.29,133.3 1 1
github.com/gitrgoliveira/muster/internal/store/watcher.go:134.2,134.16 1 1
github.com/gitrgoliveira/muster/internal/store/watcher.go:138.64,140.16 2 1
github.com/gitrgoliveira/muster/internal/store/watcher.go:140.16,142.3 1 0
github.com/gitrgoliveira/muster/internal/store/watcher.go:144.2,145.29 2 1
github.com/gitrgoliveira/muster/internal/store/watcher.go:145.29,147.3 1 1
github.com/gitrgoliveira/muster/internal/store/watcher.go:149.2,151.31 2 1
github.com/gitrgoliveira/muster/internal/store/watcher.go:151.31,153.15 2 1
github.com/gitrgoliveira/muster/internal/store/watcher.go:153.15,155.4 1 1
github.com/gitrgoliveira/muster/internal/store/watcher.go:155.9,155.43 1 1
github.com/gitrgoliveira/muster/internal/store/watcher.go:155.43,157.4 1 1
github.com/gitrgoliveira/muster/internal/store/watcher.go:159.2,159.29 1 1
github.com/gitrgoliveira/muster/internal/store/watcher.go:159.29,160.38 1 1
github.com/gitrgoliveira/muster/internal/store/watcher.go:160.38,162.4 1 1
github.com/gitrgoliveira/muster/internal/store/watcher.go:165.2,165.65 1 1
github.com/gitrgoliveira/muster/internal/store/watcher.go:165.65,167.3 1 1
github.com/gitrgoliveira/muster/internal/store/watcher.go:169.2,170.9 2 1
github.com/gitrgoliveira/muster/internal/store/watcher.go:177.4,177.4 0 1
github.com/gitrgoliveira/muster/internal/store/watcher.go:178.10,178.10 0 0
github.com/gitrgoliveira/muster/internal/config/loader.go:11.45,13.16 2 0
github.com/gitrgoliveira/muster/internal/config/loader.go:13.16,15.3 1 0
github.com/gitrgoliveira/muster/internal/config/loader.go:16.2,17.15 2 0
github.com/gitrgoliveira/muster/internal/config/loader.go:17.15,19.3 1 0
github.com/gitrgoliveira/muster/internal/config/loader.go:20.2,21.16 2 0
github.com/gitrgoliveira/muster/internal/config/loader.go:21.16,23.3 1 0
github.com/gitrgoliveira/muster/internal/config/loader.go:24.2,24.28 1 0
github.com/gitrgoliveira/muster/internal/config/loader.go:24.28,27.3 1 0
github.com/gitrgoliveira/muster/internal/config/loader.go:28.2,29.38 1 0
github.com/gitrgoliveira/muster/internal/config/loader.go:49.62,50.19 1 1
github.com/gitrgoliveira/muster/internal/config/loader.go:50.19,52.3 1 1
github.com/gitrgoliveira/muster/internal/config/loader.go:53.2,53.18 1 1
github.com/gitrgoliveira/muster/internal/config/loader.go:53.18,55.3 1 1
github.com/gitrgoliveira/muster/internal/config/loader.go:56.2,57.16 2 1
github.com/gitrgoliveira/muster/internal/config/loader.go:57.16,59.3 1 0
github.com/gitrgoliveira/muster/internal/config/loader.go:60.2,61.46 2 1
github.com/gitrgoliveira/muster/internal/config/loader.go:61.46,63.3 1 1
github.com/gitrgoliveira/muster/internal/config/loader.go:64.2,64.81 1 1
github.com/gitrgoliveira/muster/internal/config/loader.go:68.59,70.16 2 1
github.com/gitrgoliveira/muster/internal/config/loader.go:70.16,72.3 1 1
github.com/gitrgoliveira/muster/internal/config/loader.go:74.2,85.20 2 1
github.com/gitrgoliveira/muster/internal/config/loader.go:86.22,88.34 2 1
github.com/gitrgoliveira/muster/internal/config/loader.go:89.16,92.25 3 1
github.com/gitrgoliveira/muster/internal/config/loader.go:92.25,94.4 1 1
github.com/gitrgoliveira/muster/internal/config/loader.go:95.3,95.29 1 1
github.com/gitrgoliveira/muster/internal/config/loader.go:95.29,97.4 1 1
github.com/gitrgoliveira/muster/internal/config/loader.go:98.10,99.99 1 1
github.com/gitrgoliveira/muster/internal/config/loader.go:102.2,102.17 1 1
github.com/gitrgoliveira/muster/internal/config/metadata.go:23.50,26.16 3 1
github.com/gitrgoliveira/muster/internal/config/metadata.go:26.16,28.3 1 1
github.com/gitrgoliveira/muster/internal/config/metadata.go:30.2,31.49 2 1
github.com/gitrgoliveira/muster/internal/config/metadata.go:31.49,33.3 1 1
github.com/gitrgoliveira/muster/internal/config/metadata.go:35.2,35.46 1 1
github.com/gitrgoliveira/muster/internal/config/metadata.go:35.46,37.3 1 1
github.com/gitrgoliveira/muster/internal/config/metadata.go:40.2,40.26 1 1
github.com/gitrgoliveira/muster/internal/config/metadata.go:40.26,42.3 1 1
github.com/gitrgoliveira/muster/internal/config/metadata.go:44.2,44.48 1 1
github.com/gitrgoliveira/muster/internal/config/metadata.go:44.48,46.3 1 1
github.com/gitrgoliveira/muster/internal/config/metadata.go:48.2,48.16 1 1
github.com/gitrgoliveira/muster/internal/store/dolt/backend.go:21.65,23.16 2 1
github.com/gitrgoliveira/muster/internal/store/dolt/backend.go:23.16,25.3 1 0
github.com/gitrgoliveira/muster/internal/store/dolt/backend.go:26.2,26.44 1 1
github.com/gitrgoliveira/muster/internal/store/dolt/backend.go:26.44,29.3 2 1
github.com/gitrgoliveira/muster/internal/store/dolt/backend.go:30.2,30.30 1 0
github.com/gitrgoliveira/muster/internal/store/dolt/backend.go:34.84,37.16 3 0
github.com/gitrgoliveira/muster/internal/store/dolt/backend.go:37.16,39.3 1 0
github.com/gitrgoliveira/muster/internal/store/dolt/backend.go:40.2,43.18 3 0
github.com/gitrgoliveira/muster/internal/store/dolt/backend.go:43.18,45.47 2 0
github.com/gitrgoliveira/muster/internal/store/dolt/backend.go:45.47,47.4 1 0
github.com/gitrgoliveira/muster/internal/store/dolt/backend.go:48.3,48.66 1 0
github.com/gitrgoliveira/muster/internal/store/dolt/backend.go:48.66,50.4 1 0
github.com/gitrgoliveira/muster/internal/store/dolt/backend.go:51.3,52.44 2 0
github.com/gitrgoliveira/muster/internal/store/dolt/backend.go:52.44,53.9 1 0
github.com/gitrgoliveira/muster/internal/store/dolt/backend.go:56.2,56.27 1 0
github.com/gitrgoliveira/muster/internal/store/dolt/backend.go:60.77,63.48 3 0
github.com/gitrgoliveira/muster/internal/store/dolt/backend.go:63.48,64.27 1 0
github.com/gitrgoliveira/muster/internal/store/dolt/backend.go:64.27,66.4 1 0
github.com/gitrgoliveira/muster/internal/store/dolt/backend.go:67.3,67.46 1 0
github.com/gitrgoliveira/muster/internal/store/dolt/backend.go:69.2,69.18 1 0
github.com/gitrgoliveira/muster/internal/store/dolt/backend.go:73.51,75.2 1 0
github.com/gitrgoliveira/muster/internal/store/dolt/backend.go:78.33,80.2 1 0
github.com/gitrgoliveira/muster/internal/store/dolt/backend.go:82.53,86.23 3 1
github.com/gitrgoliveira/muster/internal/store/dolt/backend.go:86.23,88.30 2 1
github.com/gitrgoliveira/muster/internal/store/dolt/backend.go:88.30,91.4 2 1
github.com/gitrgoliveira/muster/internal/store/dolt/backend.go:92.3,92.75 1 1
github.com/gitrgoliveira/muster/internal/store/dolt/backend.go:94.2,94.20 1 1
github.com/gitrgoliveira/muster/internal/store/dolt/backend.go:94.20,96.28 2 1
github.com/gitrgoliveira/muster/internal/store/dolt/backend.go:96.28,99.4 2 1
github.com/gitrgoliveira/muster/internal/store/dolt/backend.go:100.3,100.71 1 1
github.com/gitrgoliveira/muster/internal/store/dolt/backend.go:103.2,104.20 2 1
github.com/gitrgoliveira/muster/internal/store/dolt/backend.go:104.20,106.3 1 1
github.com/gitrgoliveira/muster/internal/store/dolt/backend.go:107.2,107.17 1 1
github.com/gitrgoliveira/muster/internal/store/dolt/backend.go:107.17,109.3 1 1
github.com/gitrgoliveira/muster/internal/store/dolt/backend.go:110.2,110.16 1 1
github.com/gitrgoliveira/muster/internal/store/dolt/backend.go:113.56,121.2 1 0
github.com/gitrgoliveira/muster/internal/store/dolt/backend.go:123.57,131.2 1 0
github.com/gitrgoliveira/muster/internal/store/bdshell/exec.go:25.35,27.2 1 0
github.com/gitrgoliveira/muster/internal/store/bdshell/exec.go:44.51,45.17 1 1
github.com/gitrgoliveira/muster/internal/store/bdshell/exec.go:45.17,47.17 2 1
github.com/gitrgoliveira/muster/internal/store/bdshell/exec.go:47.17,49.4 1 0
github.com/gitrgoliveira/muster/internal/store/bdshell/exec.go:50.3,50.19 1 1
github.com/gitrgoliveira/muster/internal/store/bdshell/exec.go:51.8,53.49 1 1
github.com/gitrgoliveira/muster/internal/store/bdshell/exec.go:53.49,55.4 1 1
github.com/gitrgoliveira/muster/internal/store/bdshell/exec.go:57.2,61.8 1 1
github.com/gitrgoliveira/muster/internal/store/bdshell/exec.go:67.72,69.18 2 1
github.com/gitrgoliveira/muster/internal/store/bdshell/exec.go:69.18,71.3 1 0
github.com/gitrgoliveira/muster/internal/store/bdshell/exec.go:72.2,87.16 10 1
github.com/gitrgoliveira/muster/internal/store/bdshell/exec.go:87.16,88.44 1 1
github.com/gitrgoliveira/muster/internal/store/bdshell/exec.go:88.44,90.4 1 1
github.com/gitrgoliveira/muster/internal/store/bdshell/exec.go:91.3,92.26 2 1
github.com/gitrgoliveira/muster/internal/store/bdshell/exec.go:92.26,94.4 1 1
github.com/gitrgoliveira/muster/internal/store/bdshell/exec.go:95.3,95.18 1 0
github.com/gitrgoliveira/muster/internal/store/bdshell/exec.go:97.2,97.17 1 1
github.com/gitrgoliveira/muster/internal/store/bdshell/exec.go:101.75,103.16 2 1
github.com/gitrgoliveira/muster/internal/store/bdshell/exec.go:103.16,105.3 1 0
github.com/gitrgoliveira/muster/internal/store/bdshell/exec.go:106.2,106.64 1 1
github.com/gitrgoliveira/muster/internal/store/bdshell/exec.go:106.64,108.3 1 1
github.com/gitrgoliveira/muster/internal/store/bdshell/exec.go:109.2,109.12 1 1
github.com/gitrgoliveira/muster/internal/store/bdshell/exec.go:113.66,116.2 2 1
github.com/gitrgoliveira/muster/internal/store/bdshell/exec.go:118.41,120.34 2 1
github.com/gitrgoliveira/muster/internal/store/bdshell/exec.go:120.34,122.3 1 1
github.com/gitrgoliveira/muster/internal/store/bdshell/exec.go:123.2,123.40 1 1
github.com/gitrgoliveira/muster/internal/store/bdshell/exec.go:123.40,125.3 1 1
github.com/gitrgoliveira/muster/internal/store/bdshell/exec.go:126.2,126.12 1 1
github.com/gitrgoliveira/muster/internal/store/bdshell/exec.go:130.33,133.22 3 1
github.com/gitrgoliveira/muster/internal/store/bdshell/exec.go:133.22,134.15 1 1
github.com/gitrgoliveira/muster/internal/store/bdshell/exec.go:134.15,135.56 1 1
github.com/gitrgoliveira/muster/internal/store/bdshell/exec.go:135.56,137.5 1 1
github.com/gitrgoliveira/muster/internal/store/bdshell/exec.go:138.4,138.12 1 1
github.com/gitrgoliveira/muster/internal/store/bdshell/exec.go:140.3,140.18 1 1
github.com/gitrgoliveira/muster/internal/store/bdshell/exec.go:140.18,142.12 2 1
github.com/gitrgoliveira/muster/internal/store/bdshell/exec.go:144.3,144.17 1 1
github.com/gitrgoliveira/muster/internal/store/bdshell/exec.go:146.2,146.19 1 1
github.com/gitrgoliveira/muster/internal/store/bdshell/exec.go:150.39,151.17 1 1
github.com/gitrgoliveira/muster/internal/store/bdshell/exec.go:151.17,153.3 1 1
github.com/gitrgoliveira/muster/internal/store/bdshell/exec.go:154.2,154.14 1 1
github.com/gitrgoliveira/muster/internal/store/bdshell/exec.go:157.32,158.36 1 1
github.com/gitrgoliveira/muster/internal/store/bdshell/exec.go:158.36,159.57 1 1
github.com/gitrgoliveira/muster/internal/store/bdshell/exec.go:159.57,161.4 1 1
github.com/gitrgoliveira/muster/internal/store/bdshell/exec.go:163.2,163.11 1 0
github.com/gitrgoliveira/muster/internal/store/bdshell/verbs.go:29.80,31.20 2 0
github.com/gitrgoliveira/muster/internal/store/bdshell/verbs.go:31.20,33.3 1 0
github.com/gitrgoliveira/muster/internal/store/bdshell/verbs.go:34.2,34.26 1 0
github.com/gitrgoliveira/muster/internal/store/bdshell/verbs.go:34.26,36.3 1 0
github.com/gitrgoliveira/muster/internal/store/bdshell/verbs.go:37.2,37.19 1 0
github.com/gitrgoliveira/muster/internal/store/bdshell/verbs.go:37.19,39.3 1 0
github.com/gitrgoliveira/muster/internal/store/bdshell/verbs.go:40.2,40.22 1 0
github.com/gitrgoliveira/muster/internal/store/bdshell/verbs.go:40.22,42.3 1 0
github.com/gitrgoliveira/muster/internal/store/bdshell/verbs.go:43.2,44.54 2 0
github.com/gitrgoliveira/muster/internal/store/bdshell/verbs.go:44.54,46.3 1 0
github.com/gitrgoliveira/muster/internal/store/bdshell/verbs.go:47.2,47.17 1 0
github.com/gitrgoliveira/muster/internal/store/bdshell/verbs.go:51.90,53.13 2 0
github.com/gitrgoliveira/muster/internal/store/bdshell/verbs.go:53.13,55.3 1 0
github.com/gitrgoliveira/muster/internal/store/bdshell/verbs.go:56.2,56.20 1 0
github.com/gitrgoliveira/muster/internal/store/bdshell/verbs.go:56.20,58.3 1 0
github.com/gitrgoliveira/muster/internal/store/bdshell/verbs.go:59.2,59.26 1 0
github.com/gitrgoliveira/muster/internal/store/bdshell/verbs.go:59.26,61.3 1 0
github.com/gitrgoliveira/muster/internal/store/bdshell/verbs.go:62.2,62.21 1 0
github.com/gitrgoliveira/muster/internal/store/bdshell/verbs.go:62.21,64.3 1 0
github.com/gitrgoliveira/muster/internal/store/bdshell/verbs.go:65.2,65.23 1 0
github.com/gitrgoliveira/muster/internal/store/bdshell/verbs.go:65.23,67.3 1 0
github.com/gitrgoliveira/muster/internal/store/bdshell/verbs.go:68.2,68.26 1 0
github.com/gitrgoliveira/muster/internal/store/bdshell/verbs.go:68.26,70.3 1 0
github.com/gitrgoliveira/muster/internal/store/bdshell/verbs.go:71.2,72.54 2 0
github.com/gitrgoliveira/muster/internal/store/bdshell/verbs.go:72.54,74.3 1 0
github.com/gitrgoliveira/muster/internal/store/bdshell/verbs.go:75.2,75.17 1 0
github.com/gitrgoliveira/muster/internal/store/bdshell/verbs.go:79.59,81.2 1 0
github.com/gitrgoliveira/muster/internal/store/bdshell/verbs.go:84.77,86.2 1 0
github.com/gitrgoliveira/muster/internal/store/bdshell/verbs.go:89.85,91.2 1 0
github.com/gitrgoliveira/muster/internal/store/bdshell/verbs.go:94.52,96.2 1 0
github.com/gitrgoliveira/muster/internal/ws/client.go:26.64,30.16 2 1
github.com/gitrgoliveira/muster/internal/ws/client.go:30.16,33.3 2 0
github.com/gitrgoliveira/muster/internal/ws/client.go:34.2,47.17 7 1
github.com/gitrgoliveira/muster/internal/ws/client.go:51.49,52.6 1 1
github.com/gitrgoliveira/muster/internal/ws/client.go:52.6,53.10 1 1
github.com/gitrgoliveira/muster/internal/ws/client.go:54.21,55.10 1 1
github.com/gitrgoliveira/muster/internal/ws/client.go:56.26,57.11 1 1
github.com/gitrgoliveira/muster/internal/ws/client.go:57.11,61.5 2 1
github.com/gitrgoliveira/muster/internal/ws/client.go:62.4,63.18 2 1
github.com/gitrgoliveira/muster/internal/ws/client.go:63.18,65.13 2 0
github.com/gitrgoliveira/muster/internal/ws/client.go:67.4,67.73 1 1
github.com/gitrgoliveira/muster/internal/ws/client.go:67.73,69.5 1 0
github.com/gitrgoliveira/muster/internal/ws/client.go:75.48,76.15 1 1
github.com/gitrgoliveira/muster/internal/ws/client.go:76.15,78.3 1 1
github.com/gitrgoliveira/muster/internal/ws/client.go:80.2,80.6 1 1
github.com/gitrgoliveira/muster/internal/ws/client.go:80.6,82.17 2 1
github.com/gitrgoliveira/muster/internal/ws/client.go:82.17,84.4 1 1
github.com/gitrgoliveira/muster/internal/ws/client.go:85.3,86.50 2 1
github.com/gitrgoliveira/muster/internal/ws/client.go:86.50,88.12 2 0
github.com/gitrgoliveira/muster/internal/ws/client.go:90.3,90.18 1 1
github.com/gitrgoliveira/muster/internal/ws/client.go:91.15,94.73 3 1
github.com/gitrgoliveira/muster/internal/ws/client.go:94.73,96.5 1 0
github.com/gitrgoliveira/muster/internal/ws/client.go:97.11,98.63 1 1
github.com/gitrgoliveira/muster/internal/ws/hub.go:26.39,34.2 1 1
github.com/gitrgoliveira/muster/internal/ws/hub.go:37.21,38.6 1 1
github.com/gitrgoliveira/muster/internal/ws/hub.go:38.6,39.10 1 1
github.com/gitrgoliveira/muster/internal/ws/hub.go:40.26,42.21 2 1
github.com/gitrgoliveira/muster/internal/ws/hub.go:44.28,45.33 1 1
github.com/gitrgoliveira/muster/internal/ws/hub.go:45.33,48.5 2 1
github.com/gitrgoliveira/muster/internal/ws/hub.go:50.27,51.29 1 1
github.com/gitrgoliveira/muster/internal/ws/hub.go:51.29,52.12 1 1
github.com/gitrgoliveira/muster/internal/ws/hub.go:53.22,53.22 0 1
github.com/gitrgoliveira/muster/internal/ws/hub.go:54.13,58.29 3 1
github.com/gitrgoliveira/muster/internal/ws/hub.go:58.29,63.7 3 1
github.com/gitrgoliveira/muster/internal/ws/hub.go:71.34,73.2 1 1
github.com/gitrgoliveira/muster/internal/ws/hub.go:75.36,83.9 2 1
github.com/gitrgoliveira/muster/internal/ws/hub.go:84.23,84.23 0 1
github.com/gitrgoliveira/muster/internal/ws/hub.go:85.37,87.20 2 0
github.com/gitrgoliveira/muster/internal/store/jsonl/backend.go:34.50,37.16 3 1
github.com/gitrgoliveira/muster/internal/store/jsonl/backend.go:37.16,39.3 1 1
github.com/gitrgoliveira/muster/internal/store/jsonl/backend.go:40.2,40.31 1 1
github.com/gitrgoliveira/muster/internal/store/jsonl/backend.go:40.31,42.3 1 1
github.com/gitrgoliveira/muster/internal/store/jsonl/backend.go:43.2,44.35 2 1
github.com/gitrgoliveira/muster/internal/store/jsonl/backend.go:44.35,46.3 1 0
github.com/gitrgoliveira/muster/internal/store/jsonl/backend.go:47.2,47.15 1 1
github.com/gitrgoliveira/muster/internal/store/jsonl/backend.go:51.82,52.43 1 1
github.com/gitrgoliveira/muster/internal/store/jsonl/backend.go:52.43,54.3 1 0
github.com/gitrgoliveira/muster/internal/store/jsonl/backend.go:55.2,59.30 4 1
github.com/gitrgoliveira/muster/internal/store/jsonl/backend.go:59.30,60.29 1 1
github.com/gitrgoliveira/muster/internal/store/jsonl/backend.go:60.29,61.12 1 1
github.com/gitrgoliveira/muster/internal/store/jsonl/backend.go:63.3,63.66 1 1
github.com/gitrgoliveira/muster/internal/store/jsonl/backend.go:63.66,65.4 1 1
github.com/gitrgoliveira/muster/internal/store/jsonl/backend.go:66.3,67.44 2 1
github.com/gitrgoliveira/muster/internal/store/jsonl/backend.go:67.44,68.9 1 1
github.com/gitrgoliveira/muster/internal/store/jsonl/backend.go:71.2,71.20 1 1
github.com/gitrgoliveira/muster/internal/store/jsonl/backend.go:75.75,76.14 1 1
github.com/gitrgoliveira/muster/internal/store/jsonl/backend.go:76.14,78.3 1 1
github.com/gitrgoliveira/muster/internal/store/jsonl/backend.go:79.2,79.43 1 1
github.com/gitrgoliveira/muster/internal/store/jsonl/backend.go:79.43,81.3 1 0
github.com/gitrgoliveira/muster/internal/store/jsonl/backend.go:82.2,85.25 3 1
github.com/gitrgoliveira/muster/internal/store/jsonl/backend.go:85.25,86.26 1 1
github.com/gitrgoliveira/muster/internal/store/jsonl/backend.go:86.26,89.4 2 1
github.com/gitrgoliveira/muster/internal/store/jsonl/backend.go:91.2,91.31 1 1
github.com/gitrgoliveira/muster/internal/store/jsonl/backend.go:95.49,98.2 2 1
github.com/gitrgoliveira/muster/internal/store/jsonl/backend.go:101.33,101.47 1 1
github.com/gitrgoliveira/muster/internal/store/jsonl/backend.go:104.42,106.16 2 1
github.com/gitrgoliveira/muster/internal/store/jsonl/backend.go:106.16,108.3 1 0
github.com/gitrgoliveira/muster/internal/store/jsonl/backend.go:109.2,112.12 4 1
github.com/gitrgoliveira/muster/internal/store/jsonl/backend.go:112.12,114.3 1 1
github.com/gitrgoliveira/muster/internal/store/jsonl/backend.go:115.2,115.19 1 1
github.com/gitrgoliveira/muster/internal/store/jsonl/backend.go:119.34,124.43 3 1
github.com/gitrgoliveira/muster/internal/store/jsonl/backend.go:124.43,125.18 1 1
github.com/gitrgoliveira/muster/internal/store/jsonl/backend.go:125.18,127.4 1 0
github.com/gitrgoliveira/muster/internal/store/jsonl/backend.go:128.3,129.21 2 1
github.com/gitrgoliveira/muster/internal/store/jsonl/backend.go:129.21,130.9 1 1
github.com/gitrgoliveira/muster/internal/store/jsonl/backend.go:133.2,133.20 1 1
github.com/gitrgoliveira/muster/internal/store/jsonl/backend.go:133.20,135.3 1 0
github.com/gitrgoliveira/muster/internal/store/jsonl/backend.go:137.2,138.16 2 1
github.com/gitrgoliveira/muster/internal/store/jsonl/backend.go:138.16,140.3 1 0
github.com/gitrgoliveira/muster/internal/store/jsonl/backend.go:142.2,146.12 5 1
github.com/gitrgoliveira/muster/internal/store/jsonl/backend.go:151.50,153.16 2 1
github.com/gitrgoliveira/muster/internal/store/jsonl/backend.go:153.16,155.3 1 0
github.com/gitrgoliveira/muster/internal/store/jsonl/backend.go:156.2,161.6 4 1
github.com/gitrgoliveira/muster/internal/store/jsonl/backend.go:161.6,166.21 2 1
github.com/gitrgoliveira/muster/internal/store/jsonl/backend.go:166.21,167.9 1 1
github.com/gitrgoliveira/muster/internal/store/jsonl/backend.go:169.3,169.18 1 1
github.com/gitrgoliveira/muster/internal/store/jsonl/backend.go:169.18,171.4 1 0
github.com/gitrgoliveira/muster/internal/store/jsonl/backend.go:173.3,173.15 1 1
github.com/gitrgoliveira/muster/internal/store/jsonl/backend.go:173.15,175.32 1 1
github.com/gitrgoliveira/muster/internal/store/jsonl/backend.go:175.32,177.5 1 1
github.com/gitrgoliveira/muster/internal/store/jsonl/backend.go:178.4,178.37 1 1
github.com/gitrgoliveira/muster/internal/store/jsonl/backend.go:178.37,180.5 1 0
github.com/gitrgoliveira/muster/internal/store/jsonl/backend.go:181.4,181.12 1 1
github.com/gitrgoliveira/muster/internal/store/jsonl/backend.go:184.3,185.17 2 1
github.com/gitrgoliveira/muster/internal/store/jsonl/backend.go:185.17,186.12 1 0
github.com/gitrgoliveira/muster/internal/store/jsonl/backend.go:188.3,189.60 2 1
github.com/gitrgoliveira/muster/internal/store/jsonl/backend.go:189.60,190.12 1 1
github.com/gitrgoliveira/muster/internal/store/jsonl/backend.go:192.3,192.31 1 1
github.com/gitrgoliveira/muster/internal/store/jsonl/backend.go:194.2,194.20 1 1
github.com/gitrgoliveira/muster/internal/store/jsonl/backend.go:197.58,198.23 1 1
github.com/gitrgoliveira/muster/internal/store/jsonl/backend.go:198.23,200.30 2 1
github.com/gitrgoliveira/muster/internal/store/jsonl/backend.go:200.30,201.40 1 1
github.com/gitrgoliveira/muster/internal/store/jsonl/backend.go:201.40,203.10 2 1
github.com/gitrgoliveira/muster/internal/store/jsonl/backend.go:206.3,206.13 1 1
github.com/gitrgoliveira/muster/internal/store/jsonl/backend.go:206.13,208.4 1 1
github.com/gitrgoliveira/muster/internal/store/jsonl/backend.go:210.2,210.20 1 1
github.com/gitrgoliveira/muster/internal/store/jsonl/backend.go:210.20,212.28 2 1
github.com/gitrgoliveira/muster/internal/store/jsonl/backend.go:212.28,213.20 1 1
github.com/gitrgoliveira/muster/internal/store/jsonl/backend.go:213.20,215.10 2 1
github.com/gitrgoliveira/muster/internal/store/jsonl/backend.go:218.3,218.13 1 1
github.com/gitrgoliveira/muster/internal/store/jsonl/backend.go:218.13,220.4 1 1
github.com/gitrgoliveira/muster/internal/store/jsonl/backend.go:222.2,222.13 1 1
github.com/gitrgoliveira/muster/internal/services/beads.go:43.39,43.90 1 0
github.com/gitrgoliveira/muster/internal/services/beads.go:97.87,99.2 1 0
github.com/gitrgoliveira/muster/internal/services/beads.go:102.108,104.2 1 0
github.com/gitrgoliveira/muster/internal/services/beads.go:106.44,107.20 1 0
github.com/gitrgoliveira/muster/internal/services/beads.go:107.20,109.3 1 0
github.com/gitrgoliveira/muster/internal/services/beads.go:110.2,110.12 1 0
github.com/gitrgoliveira/muster/internal/services/beads.go:114.44,116.25 2 0
github.com/gitrgoliveira/muster/internal/services/beads.go:116.25,117.22 1 0
github.com/gitrgoliveira/muster/internal/services/beads.go:118.10,119.69 1 0
github.com/gitrgoliveira/muster/internal/services/beads.go:120.10,121.64 1 0
github.com/gitrgoliveira/muster/internal/services/beads.go:122.10,123.70 1 0
github.com/gitrgoliveira/muster/internal/services/beads.go:124.11,125.64 1 0
github.com/gitrgoliveira/muster/internal/services/beads.go:128.2,128.46 1 0
github.com/gitrgoliveira/muster/internal/services/beads.go:128.46,130.3 1 0
github.com/gitrgoliveira/muster/internal/services/beads.go:131.2,131.64 1 0
github.com/gitrgoliveira/muster/internal/services/beads.go:136.46,137.41 1 0
github.com/gitrgoliveira/muster/internal/services/beads.go:137.41,139.3 1 0
github.com/gitrgoliveira/muster/internal/services/beads.go:140.2,140.40 1 0
github.com/gitrgoliveira/muster/internal/services/beads.go:140.40,142.3 1 0
github.com/gitrgoliveira/muster/internal/services/beads.go:143.2,143.26 1 0
github.com/gitrgoliveira/muster/internal/services/beads.go:143.26,145.3 1 0
github.com/gitrgoliveira/muster/internal/services/beads.go:146.2,146.12 1 0
github.com/gitrgoliveira/muster/internal/services/beads.go:150.92,152.18 2 0
github.com/gitrgoliveira/muster/internal/services/beads.go:152.18,154.3 1 0
github.com/gitrgoliveira/muster/internal/services/beads.go:155.2,156.16 2 0
github.com/gitrgoliveira/muster/internal/services/beads.go:156.16,158.3 1 0
github.com/gitrgoliveira/muster/internal/services/beads.go:159.2,159.44 1 0
github.com/gitrgoliveira/muster/internal/services/beads.go:163.85,165.16 2 0
github.com/gitrgoliveira/muster/internal/services/beads.go:165.16,166.40 1 0
github.com/gitrgoliveira/muster/internal/services/beads.go:166.40,168.4 1 0
github.com/gitrgoliveira/muster/internal/services/beads.go:169.3,169.70 1 0
github.com/gitrgoliveira/muster/internal/services/beads.go:171.2,172.16 2 0
github.com/gitrgoliveira/muster/internal/services/beads.go:176.96,178.17 2 0
github.com/gitrgoliveira/muster/internal/services/beads.go:178.17,180.3 1 0
github.com/gitrgoliveira/muster/internal/services/beads.go:181.2,181.30 1 0
github.com/gitrgoliveira/muster/internal/services/beads.go:181.30,183.3 1 0
github.com/gitrgoliveira/muster/internal/services/beads.go:184.2,184.54 1 0
github.com/gitrgoliveira/muster/internal/services/beads.go:184.54,186.3 1 0
github.com/gitrgoliveira/muster/internal/services/beads.go:187.2,187.58 1 0
github.com/gitrgoliveira/muster/internal/services/beads.go:187.58,189.3 1 0
github.com/gitrgoliveira/muster/internal/services/beads.go:190.2,190.45 1 0
github.com/gitrgoliveira/muster/internal/services/beads.go:190.45,192.3 1 0
github.com/gitrgoliveira/muster/internal/services/beads.go:193.2,193.29 1 0
github.com/gitrgoliveira/muster/internal/services/beads.go:193.29,195.3 1 0
github.com/gitrgoliveira/muster/internal/services/beads.go:196.2,196.41 1 0
github.com/gitrgoliveira/muster/internal/services/beads.go:196.41,198.3 1 0
github.com/gitrgoliveira/muster/internal/services/beads.go:200.2,206.16 2 0
github.com/gitrgoliveira/muster/internal/services/beads.go:206.16,208.3 1 0
github.com/gitrgoliveira/muster/internal/services/beads.go:209.2,210.16 2 0
github.com/gitrgoliveira/muster/internal/services/beads.go:214.105,217.51 1 0
github.com/gitrgoliveira/muster/internal/services/beads.go:217.51,219.3 1 0
github.com/gitrgoliveira/muster/internal/services/beads.go:220.2,220.46 1 0
github.com/gitrgoliveira/muster/internal/services/beads.go:220.46,222.3 1 0
github.com/gitrgoliveira/muster/internal/services/beads.go:223.2,223.54 1 0
github.com/gitrgoliveira/muster/internal/services/beads.go:223.54,225.3 1 0
github.com/gitrgoliveira/muster/internal/services/beads.go:226.2,226.24 1 0
github.com/gitrgoliveira/muster/internal/services/beads.go:226.24,228.14 2 0
github.com/gitrgoliveira/muster/internal/services/beads.go:228.14,230.4 1 0
github.com/gitrgoliveira/muster/internal/services/beads.go:231.3,231.51 1 0
github.com/gitrgoliveira/muster/internal/services/beads.go:231.51,233.4 1 0
github.com/gitrgoliveira/muster/internal/services/beads.go:235.2,235.23 1 0
github.com/gitrgoliveira/muster/internal/services/beads.go:235.23,236.60 1 0
github.com/gitrgoliveira/muster/internal/services/beads.go:236.60,238.4 1 0
github.com/gitrgoliveira/muster/internal/services/beads.go:240.2,240.41 1 0
github.com/gitrgoliveira/muster/internal/services/beads.go:240.41,242.3 1 0
github.com/gitrgoliveira/muster/internal/services/beads.go:244.2,245.24 2 0
github.com/gitrgoliveira/muster/internal/services/beads.go:245.24,248.3 2 0
github.com/gitrgoliveira/muster/internal/services/beads.go:249.2,249.23 1 0
github.com/gitrgoliveira/muster/internal/services/beads.go:249.23,251.3 1 0
github.com/gitrgoliveira/muster/internal/services/beads.go:252.2,252.25 1 0
github.com/gitrgoliveira/muster/internal/services/beads.go:252.25,254.24 2 0
github.com/gitrgoliveira/muster/internal/services/beads.go:254.24,256.4 1 0
github.com/gitrgoliveira/muster/internal/services/beads.go:258.2,258.27 1 0
github.com/gitrgoliveira/muster/internal/services/beads.go:258.27,261.3 2 0
github.com/gitrgoliveira/muster/internal/services/beads.go:263.2,264.16 2 0
github.com/gitrgoliveira/muster/internal/services/beads.go:264.16,266.3 1 0
github.com/gitrgoliveira/muster/internal/services/beads.go:267.2,268.16 2 0
github.com/gitrgoliveira/muster/internal/services/beads.go:272.99,273.29 1 0
github.com/gitrgoliveira/muster/internal/services/beads.go:273.29,275.3 1 0
github.com/gitrgoliveira/muster/internal/services/beads.go:276.2,276.41 1 0
github.com/gitrgoliveira/muster/internal/services/beads.go:276.41,278.3 1 0
github.com/gitrgoliveira/muster/internal/services/beads.go:280.2,283.24 3 0
github.com/gitrgoliveira/muster/internal/services/beads.go:284.20,285.50 1 0
github.com/gitrgoliveira/muster/internal/services/beads.go:285.50,287.4 1 0
github.com/gitrgoliveira/muster/internal/services/beads.go:289.3,290.18 2 0
github.com/gitrgoliveira/muster/internal/services/beads.go:290.18,292.4 1 0
github.com/gitrgoliveira/muster/internal/services/beads.go:293.3,293.15 1 0
github.com/gitrgoliveira/muster/internal/services/beads.go:294.23,296.17 2 0
github.com/gitrgoliveira/muster/internal/services/beads.go:296.17,298.4 1 0
github.com/gitrgoliveira/muster/internal/services/beads.go:299.10,301.25 2 0
github.com/gitrgoliveira/muster/internal/services/beads.go:301.25,303.4 1 0
github.com/gitrgoliveira/muster/internal/services/beads.go:304.3,305.17 2 0
github.com/gitrgoliveira/muster/internal/services/beads.go:305.17,307.4 1 0
github.com/gitrgoliveira/muster/internal/services/beads.go:310.2,311.16 2 0
github.com/gitrgoliveira/muster/internal/services/beads.go:315.107,316.26 1 0
github.com/gitrgoliveira/muster/internal/services/beads.go:316.26,318.3 1 0
github.com/gitrgoliveira/muster/internal/services/beads.go:319.2,319.25 1 0
github.com/gitrgoliveira/muster/internal/services/beads.go:319.25,321.3 1 0
github.com/gitrgoliveira/muster/internal/services/beads.go:322.2,322.41 1 0
github.com/gitrgoliveira/muster/internal/services/beads.go:322.41,324.3 1 0
github.com/gitrgoliveira/muster/internal/services/beads.go:326.2,327.16 2 0
github.com/gitrgoliveira/muster/internal/services/beads.go:327.16,329.3 1 0
github.com/gitrgoliveira/muster/internal/services/beads.go:330.2,331.16 2 0
github.com/gitrgoliveira/muster/internal/services/beads.go:335.108,337.17 2 0
github.com/gitrgoliveira/muster/internal/services/beads.go:337.17,339.3 1 0
github.com/gitrgoliveira/muster/internal/services/beads.go:340.2,341.16 2 0
github.com/gitrgoliveira/muster/internal/services/beads.go:341.16,343.3 1 0
github.com/gitrgoliveira/muster/internal/services/beads.go:344.2,344.54 1 0
github.com/gitrgoliveira/muster/internal/services/beads.go:344.54,346.3 1 0
github.com/gitrgoliveira/muster/internal/services/beads.go:347.2,347.52 1 0
github.com/gitrgoliveira/muster/internal/services/beads.go:347.52,349.3 1 0
github.com/gitrgoliveira/muster/internal/services/beads.go:350.2,350.41 1 0
github.com/gitrgoliveira/muster/internal/services/beads.go:350.41,352.3 1 0
github.com/gitrgoliveira/muster/internal/services/beads.go:355.2,357.16 3 0
github.com/gitrgoliveira/muster/internal/services/beads.go:357.16,359.3 1 0
github.com/gitrgoliveira/muster/internal/services/beads.go:360.2,361.16 2 0
github.com/gitrgoliveira/muster/internal/services/mapper.go:11.61,15.23 3 0
github.com/gitrgoliveira/muster/internal/services/mapper.go:15.23,17.3 1 0
github.com/gitrgoliveira/muster/internal/services/mapper.go:19.2,45.27 5 0
github.com/gitrgoliveira/muster/internal/services/mapper.go:45.27,47.3 1 0
github.com/gitrgoliveira/muster/internal/services/mapper.go:49.2,49.13 1 0
github.com/gitrgoliveira/muster/internal/services/mapper.go:53.66,55.24 2 0
github.com/gitrgoliveira/muster/internal/services/mapper.go:55.24,57.3 1 0
github.com/gitrgoliveira/muster/internal/services/mapper.go:58.2,58.14 1 0
github.com/gitrgoliveira/muster/internal/services/mapper.go:62.48,63.16 1 0
github.com/gitrgoliveira/muster/internal/services/mapper.go:64.21,65.25 1 0
github.com/gitrgoliveira/muster/internal/services/mapper.go:66.19,67.24 1 0
github.com/gitrgoliveira/muster/internal/services/mapper.go:68.29,69.22 1 0
github.com/gitrgoliveira/muster/internal/services/mapper.go:70.10,71.25 1 0
github.com/gitrgoliveira/muster/internal/services/mapper.go:77.47,78.16 1 0
github.com/gitrgoliveira/muster/internal/services/mapper.go:79.17,80.33 1 0
github.com/gitrgoliveira/muster/internal/services/mapper.go:81.16,82.31 1 0
github.com/gitrgoliveira/muster/internal/services/mapper.go:83.14,84.41 1 0
github.com/gitrgoliveira/muster/internal/services/mapper.go:85.10,86.26 1 0
github.com/gitrgoliveira/muster/internal/services/mapper.go:90.58,91.19 1 0
github.com/gitrgoliveira/muster/internal/services/mapper.go:92.13,93.22 1 0
github.com/gitrgoliveira/muster/internal/services/mapper.go:94.17,95.26 1 0
github.com/gitrgoliveira/muster/internal/services/mapper.go:96.14,97.23 1 0
github.com/gitrgoliveira/muster/internal/services/mapper.go:98.15,99.24 1 0
github.com/gitrgoliveira/muster/internal/services/mapper.go:100.10,101.23 1 0
github.com/gitrgoliveira/muster/internal/services/mapper.go:105.59,112.28 2 0
github.com/gitrgoliveira/muster/internal/services/mapper.go:112.28,117.3 1 0
github.com/gitrgoliveira/muster/internal/services/mapper.go:118.2,118.27 1 0
github.com/gitrgoliveira/muster/internal/services/mapper.go:118.27,123.3 1 0
github.com/gitrgoliveira/muster/internal/services/mapper.go:124.2,124.16 1 0
